<?xml version="1.0" encoding="UTF-8" ?>
<testsuites>
 <testsuite name="Tests/TC_A_Login_Page__script" package="Sauce.suite" timestamp="2024-02-15 15:26:59.143 +0530"
 tests="1"  failures="1" errors="0" time="22.200000">
  <properties>
   <property name="RunDate" value="2024-02-15 15:26:59.143 +0530"/>
   <property name="Status" value="Failure"/>
  </properties>
  <testcase name="Tests/TC_A_Login_Page_.script" assertions="1" status="failure"  time="22.183">
    <failure type="FAILURE" message="AssertionFailed: (false: ImageFound(20,varlogos)) -- Execution Time 0:00:22 Tests/TC_A_Login_Page_.script" />
  </testcase>
 </testsuite>
</testsuites>
