<?xml version="1.0" encoding="UTF-8" ?>
<testsuites>
 <testsuite name="Tests/Master_Script_script" package="Sauce.suite" timestamp="2024-02-22 16:23:54.242 +0530"
 tests="1"  failures="1" errors="1" time="65.325000">
  <properties>
   <property name="RunDate" value="2024-02-22 16:23:54.242 +0530"/>
   <property name="Status" value="Failure"/>
  </properties>
  <testcase name="Tests/Master_Script.script" assertions="2" status="error"  time="65.295">
    <failure type="FAILURE" message="Image Not Found: click Error - No Text Found On Screen: &quot;(TEXT:&quot;Add to cart&quot;)&quot;. Text not found.  Restricted Search Rectangle ((7,52),(1916,1037))\n -- Execution Time 0:01:05 Tests/Master_Script.script" />
    <error type="Exception" message="No Text Found On Screen: &quot;(TEXT:&quot;Add to cart&quot;)&quot;. Text not found." />
  </testcase>
 </testsuite>
</testsuites>
