<?xml version="1.0" encoding="UTF-8" ?>
<testsuites>
 <testsuite name="Tests/Master_Script_script" package="Sauce.suite" timestamp="2024-02-21 17:53:15.921 +0530"
 tests="1"  failures="1" errors="1" time="33.503000">
  <properties>
   <property name="RunDate" value="2024-02-21 17:53:15.921 +0530"/>
   <property name="Status" value="Failure"/>
  </properties>
  <testcase name="Tests/Master_Script.script" assertions="2" status="error"  time="33.482">
    <failure type="FAILURE" message="File Not Found: click Error - Could Not Open Image: False -- Execution Time 0:00:33 Tests/Master_Script.script" />
    <error type="Exception" message="Could Not Open Image: False" />
  </testcase>
 </testsuite>
</testsuites>
