<?xml version="1.0" encoding="UTF-8" ?>
<testsuites>
 <testsuite name="Tests/TC_B_Shopping_Page_script" package="Sauce.suite" timestamp="2024-02-15 15:26:16.741 +0530"
 tests="1"  failures="1" errors="1" time="12.744000">
  <properties>
   <property name="RunDate" value="2024-02-15 15:26:16.741 +0530"/>
   <property name="Status" value="Failure"/>
  </properties>
  <testcase name="Tests/TC_B_Shopping_Page.script" assertions="1" status="error"  time="12.713">
    <failure type="FAILURE" message="Image Not Found: click Error - No Text Found On Screen: &quot;(TEXT:&quot;Sauce Labs Backpack&quot;)&quot;. Text not found. -- Execution Time 0:00:12 Tests/TC_B_Shopping_Page.script" />
    <error type="Exception" message="No Text Found On Screen: &quot;(TEXT:&quot;Sauce Labs Backpack&quot;)&quot;. Text not found." />
  </testcase>
 </testsuite>
</testsuites>
